[debug] [2018-12-03T09:01:29.610Z] ----------------------------------------------------------------------
[debug] [2018-12-03T09:01:29.620Z] Command:       C:\Program Files\nodejs\node.exe C:\Users\Administrator\AppData\Roaming\npm\node_modules\firebase-tools\bin\firebase deploy
[debug] [2018-12-03T09:01:29.620Z] CLI Version:   5.1.1
[debug] [2018-12-03T09:01:29.620Z] Platform:      win32
[debug] [2018-12-03T09:01:29.621Z] Node Version:  v8.12.0
[debug] [2018-12-03T09:01:29.623Z] Time:          Mon Dec 03 2018 18:01:29 GMT+0900 (대한민국 표준시)
[debug] [2018-12-03T09:01:29.623Z] ----------------------------------------------------------------------
[debug] 
[debug] [2018-12-03T09:01:29.663Z] > command requires scopes: ["email","openid","https://www.googleapis.com/auth/cloudplatformprojects.readonly","https://www.googleapis.com/auth/firebase","https://www.googleapis.com/auth/cloud-platform"]
[debug] [2018-12-03T09:01:29.665Z] > authorizing via signed-in user
[debug] [2018-12-03T09:01:29.665Z] [iam] checking project jangyh0722-portfolio for permissions ["firebase.projects.get","firebasedatabase.instances.update","firebasehosting.sites.update"]
[debug] [2018-12-03T09:01:29.671Z] > refreshing access token with scopes: ["email","https://www.googleapis.com/auth/cloud-platform","https://www.googleapis.com/auth/cloudplatformprojects.readonly","https://www.googleapis.com/auth/firebase","openid"]
[debug] [2018-12-03T09:01:29.672Z] >>> HTTP REQUEST POST https://www.googleapis.com/oauth2/v3/token  
 <request body omitted>
[debug] [2018-12-03T09:01:30.090Z] <<< HTTP RESPONSE 200
[debug] [2018-12-03T09:01:30.090Z] >>> HTTP REQUEST POST https://cloudresourcemanager.googleapis.com/v1/projects/jangyh0722-portfolio:testIamPermissions  

[debug] [2018-12-03T09:01:31.374Z] <<< HTTP RESPONSE 200
[debug] [2018-12-03T09:01:31.379Z] >>> HTTP REQUEST GET https://firebase.googleapis.com/v1beta1/projects/jangyh0722-portfolio  
 
[debug] [2018-12-03T09:01:32.205Z] <<< HTTP RESPONSE 200
[info] 
[info] === Deploying to 'jangyh0722-portfolio'...
[info] 
[info] i  deploying database, hosting
[info] i  database: checking rules syntax...
[debug] [2018-12-03T09:01:32.242Z] >>> HTTP REQUEST PUT https://jangyh0722-portfolio.firebaseio.com/.settings/rules.json?dryRun=true  
 {
  /* Visit https://firebase.google.com/docs/database/security to learn more about security rules. */
  "rules": {
    ".read": false,
    ".write": false
  }
}
[debug] [2018-12-03T09:01:33.236Z] <<< HTTP RESPONSE 200
[info] +  database: rules syntax for database jangyh0722-portfolio is valid
[debug] [2018-12-03T09:01:33.243Z] >>> HTTP REQUEST POST https://firebasehosting.googleapis.com/v1beta1/sites/jangyh0722-portfolio/versions  

